D:\users\kings\documents\visual studio 2010\Projects\base64_experiment\AES_experiment_01\Debug\AES_experiment_01.exe.embed.manifest
D:\users\kings\documents\visual studio 2010\Projects\base64_experiment\AES_experiment_01\Debug\AES_experiment_01.exe.embed.manifest.res
D:\users\kings\documents\visual studio 2010\Projects\base64_experiment\AES_experiment_01\Debug\AES_experiment_01.exe.intermediate.manifest
D:\users\kings\documents\visual studio 2010\Projects\base64_experiment\AES_experiment_01\Debug\AES_experiment_01.obj
D:\users\kings\documents\visual studio 2010\Projects\base64_experiment\AES_experiment_01\Debug\AES_experiment_01.pch
D:\users\kings\documents\visual studio 2010\Projects\base64_experiment\AES_experiment_01\Debug\AES_experiment_01_manifest.rc
D:\users\kings\documents\visual studio 2010\Projects\base64_experiment\AES_experiment_01\Debug\cl.command.1.tlog
D:\users\kings\documents\visual studio 2010\Projects\base64_experiment\AES_experiment_01\Debug\cl.read.1.tlog
D:\users\kings\documents\visual studio 2010\Projects\base64_experiment\AES_experiment_01\Debug\cl.write.1.tlog
D:\users\kings\documents\visual studio 2010\Projects\base64_experiment\AES_experiment_01\Debug\link.command.1.tlog
D:\users\kings\documents\visual studio 2010\Projects\base64_experiment\AES_experiment_01\Debug\rc.command.1.tlog
D:\users\kings\documents\visual studio 2010\Projects\base64_experiment\AES_experiment_01\Debug\rc.read.1.tlog
D:\users\kings\documents\visual studio 2010\Projects\base64_experiment\AES_experiment_01\Debug\rc.write.1.tlog
D:\users\kings\documents\visual studio 2010\Projects\base64_experiment\AES_experiment_01\Debug\Rijndael.obj
D:\users\kings\documents\visual studio 2010\Projects\base64_experiment\AES_experiment_01\Debug\stdafx.obj
D:\users\kings\documents\visual studio 2010\Projects\base64_experiment\AES_experiment_01\Debug\vc100.idb
D:\USERS\KINGS\DOCUMENTS\VISUAL STUDIO 2010\PROJECTS\BASE64_EXPERIMENT\AES_EXPERIMENT_01\DEBUG\VC100.PDB
D:\users\kings\documents\visual studio 2010\Projects\base64_experiment\Debug\AES_experiment_01.exe
D:\users\kings\documents\visual studio 2010\Projects\base64_experiment\Debug\AES_experiment_01.ilk
D:\users\kings\documents\visual studio 2010\Projects\base64_experiment\Debug\AES_experiment_01.pdb
